<?xml version="1.0" encoding="UTF-8"?>
<testng-results skipped="0" failed="0" ignored="0" total="1" passed="1">
  <reporter-output>
  </reporter-output>
  <suite name="Default suite" duration-ms="4752" started-at="2021-06-24T10:41:12Z" finished-at="2021-06-24T10:41:17Z">
    <groups>
    </groups>
    <test name="Default test" duration-ms="4752" started-at="2021-06-24T10:41:12Z" finished-at="2021-06-24T10:41:17Z">
      <class name="tests.GetandPostExample">
        <test-method status="PASS" signature="testGet()[pri:0, instance:tests.GetandPostExample@8bd1b6a]" name="testGet" duration-ms="4711" started-at="2021-06-24T10:41:12Z" finished-at="2021-06-24T10:41:17Z">
          <reporter-output>
          </reporter-output>
        </test-method> <!-- testGet -->
      </class> <!-- tests.GetandPostExample -->
    </test> <!-- Default test -->
  </suite> <!-- Default suite -->
</testng-results>
